<?xml version="1.0" encoding="UTF-8"?>
<testsuite name="uk.org.lidalia.lang.ModifierTests" time="0.002" tests="42" errors="0" skipped="0" failures="0">
  <properties>
[...]
</properties>
  <testcase name="[0] PUBLIC, class uk.org.lidalia.lang.ModifierTests$publicClass (modifierExistsOnClass)" classname="uk.org.lidalia.lang.ModifierTests" time="0"/>
  <testcase name="[1] PRIVATE, class uk.org.lidalia.lang.ModifierTests$privateClass (modifierExistsOnClass)" classname="uk.org.lidalia.lang.ModifierTests" time="0"/>
  <testcase name="[2] PROTECTED, class uk.org.lidalia.lang.ModifierTests$protectedClass (modifierExistsOnClass)" classname="uk.org.lidalia.lang.ModifierTests" time="0"/>
  <testcase name="[3] STATIC, class uk.org.lidalia.lang.ModifierTests$staticClass (modifierExistsOnClass)" classname="uk.org.lidalia.lang.ModifierTests" time="0"/>
  <testcase name="[4] FINAL, class uk.org.lidalia.lang.ModifierTests$finalClass (modifierExistsOnClass)" classname="uk.org.lidalia.lang.ModifierTests" time="0"/>
  <testcase name="[5] INTERFACE, interface uk.org.lidalia.lang.ModifierTests$interfaceClass (modifierExistsOnClass)" classname="uk.org.lidalia.lang.ModifierTests" time="0"/>
  <testcase name="[6] ABSTRACT, class uk.org.lidalia.lang.ModifierTests$abstractClass (modifierExistsOnClass)" classname="uk.org.lidalia.lang.ModifierTests" time="0"/>
  <testcase name="[0] PUBLIC (modifierDoesNotExistOnClassWithNoModifier)" classname="uk.org.lidalia.lang.ModifierTests" time="0"/>
  <testcase name="[1] PRIVATE (modifierDoesNotExistOnClassWithNoModifier)" classname="uk.org.lidalia.lang.ModifierTests" time="0"/>
  <testcase name="[2] PROTECTED (modifierDoesNotExistOnClassWithNoModifier)" classname="uk.org.lidalia.lang.ModifierTests" time="0"/>
  <testcase name="[3] STATIC (modifierDoesNotExistOnClassWithNoModifier)" classname="uk.org.lidalia.lang.ModifierTests" time="0"/>
  <testcase name="[4] FINAL (modifierDoesNotExistOnClassWithNoModifier)" classname="uk.org.lidalia.lang.ModifierTests" time="0"/>
  <testcase name="[5] SYNCHRONIZED (modifierDoesNotExistOnClassWithNoModifier)" classname="uk.org.lidalia.lang.ModifierTests" time="0"/>
  <testcase name="[6] VOLATILE (modifierDoesNotExistOnClassWithNoModifier)" classname="uk.org.lidalia.lang.ModifierTests" time="0"/>
  <testcase name="[7] TRANSIENT (modifierDoesNotExistOnClassWithNoModifier)" classname="uk.org.lidalia.lang.ModifierTests" time="0"/>
  <testcase name="[8] NATIVE (modifierDoesNotExistOnClassWithNoModifier)" classname="uk.org.lidalia.lang.ModifierTests" time="0"/>
  <testcase name="[9] INTERFACE (modifierDoesNotExistOnClassWithNoModifier)" classname="uk.org.lidalia.lang.ModifierTests" time="0"/>
  <testcase name="[10] ABSTRACT (modifierDoesNotExistOnClassWithNoModifier)" classname="uk.org.lidalia.lang.ModifierTests" time="0"/>
  <testcase name="[11] STRICT (modifierDoesNotExistOnClassWithNoModifier)" classname="uk.org.lidalia.lang.ModifierTests" time="0"/>
  <testcase name="[0] PUBLIC (modifierDoesNotExistOnMemberWithNoModifier)" classname="uk.org.lidalia.lang.ModifierTests" time="0"/>
  <testcase name="[1] PRIVATE (modifierDoesNotExistOnMemberWithNoModifier)" classname="uk.org.lidalia.lang.ModifierTests" time="0"/>
  <testcase name="[2] PROTECTED (modifierDoesNotExistOnMemberWithNoModifier)" classname="uk.org.lidalia.lang.ModifierTests" time="0"/>
  <testcase name="[3] STATIC (modifierDoesNotExistOnMemberWithNoModifier)" classname="uk.org.lidalia.lang.ModifierTests" time="0"/>
  <testcase name="[4] FINAL (modifierDoesNotExistOnMemberWithNoModifier)" classname="uk.org.lidalia.lang.ModifierTests" time="0"/>
  <testcase name="[5] SYNCHRONIZED (modifierDoesNotExistOnMemberWithNoModifier)" classname="uk.org.lidalia.lang.ModifierTests" time="0"/>
  <testcase name="[6] VOLATILE (modifierDoesNotExistOnMemberWithNoModifier)" classname="uk.org.lidalia.lang.ModifierTests" time="0"/>
  <testcase name="[7] TRANSIENT (modifierDoesNotExistOnMemberWithNoModifier)" classname="uk.org.lidalia.lang.ModifierTests" time="0"/>
  <testcase name="[8] NATIVE (modifierDoesNotExistOnMemberWithNoModifier)" classname="uk.org.lidalia.lang.ModifierTests" time="0"/>
  <testcase name="[9] INTERFACE (modifierDoesNotExistOnMemberWithNoModifier)" classname="uk.org.lidalia.lang.ModifierTests" time="0"/>
  <testcase name="[10] ABSTRACT (modifierDoesNotExistOnMemberWithNoModifier)" classname="uk.org.lidalia.lang.ModifierTests" time="0"/>
  <testcase name="[11] STRICT (modifierDoesNotExistOnMemberWithNoModifier)" classname="uk.org.lidalia.lang.ModifierTests" time="0"/>
  <testcase name="[0] PUBLIC, public byte uk.org.lidalia.lang.ModifierTests.publicField (modifierExistsOnMember)" classname="uk.org.lidalia.lang.ModifierTests" time="0"/>
  <testcase name="[1] PRIVATE, private byte uk.org.lidalia.lang.ModifierTests.privateField (modifierExistsOnMember)" classname="uk.org.lidalia.lang.ModifierTests" time="0"/>
  <testcase name="[2] PROTECTED, protected byte uk.org.lidalia.lang.ModifierTests.protectedField (modifierExistsOnMember)" classname="uk.org.lidalia.lang.ModifierTests" time="0"/>
  <testcase name="[3] STATIC, static byte uk.org.lidalia.lang.ModifierTests.staticField (modifierExistsOnMember)" classname="uk.org.lidalia.lang.ModifierTests" time="0"/>
  <testcase name="[4] FINAL, final byte uk.org.lidalia.lang.ModifierTests.finalField (modifierExistsOnMember)" classname="uk.org.lidalia.lang.ModifierTests" time="0"/>
  <testcase name="[5] SYNCHRONIZED, synchronized void uk.org.lidalia.lang.ModifierTests.synchronizedMethod[] (modifierExistsOnMember)" classname="uk.org.lidalia.lang.ModifierTests" time="0"/>
  <testcase name="[6] VOLATILE, volatile byte uk.org.lidalia.lang.ModifierTests.volatileField (modifierExistsOnMember)" classname="uk.org.lidalia.lang.ModifierTests" time="0"/>
  <testcase name="[7] TRANSIENT, transient byte uk.org.lidalia.lang.ModifierTests.transientField (modifierExistsOnMember)" classname="uk.org.lidalia.lang.ModifierTests" time="0"/>
  <testcase name="[8] NATIVE, native void uk.org.lidalia.lang.ModifierTests.nativeMethod[] (modifierExistsOnMember)" classname="uk.org.lidalia.lang.ModifierTests" time="0.001"/>
  <testcase name="[9] STRICT, strictfp void uk.org.lidalia.lang.ModifierTests.strictMethod[] (modifierExistsOnMember)" classname="uk.org.lidalia.lang.ModifierTests" time="0"/>
  <testcase name="strictClassDoesNotHaveStrictModifier" classname="uk.org.lidalia.lang.ModifierTests" time="0.001"/>
</testsuite>